{"level":"info","message":"SQL Server connection established.","timestamp":"2023-02-01 09:45:35"}
{"level":"info","message":"SQL Server connection established.","timestamp":"2023-02-01 10:05:12"}
{"level":"info","message":"SQL Server connection established.","timestamp":"2023-02-01 10:05:33"}
{"level":"info","message":"SQL Server connection established.","timestamp":"2023-02-01 10:06:48"}
{"level":"info","message":"SQL Server connection established.","timestamp":"2023-02-01 10:10:30"}
{"level":"info","message":"SQL Server connection established.","timestamp":"2023-02-01 10:23:47"}
{"level":"info","message":"SQL Server connection established.","timestamp":"2023-02-01 10:25:04"}
{"level":"info","message":"SQL Server connection established.","timestamp":"2023-02-01 10:30:41"}
{"level":"info","message":"SQL Server connection established.","timestamp":"2023-02-01 10:32:11"}
{"level":"info","message":"SQL Server connection established.","timestamp":"2023-02-01 10:33:01"}
{"level":"info","message":"SQL Server connection established.","timestamp":"2023-02-01 10:34:46"}
{"level":"info","message":"SQL Server connection established.","timestamp":"2023-02-01 10:35:47"}
{"level":"info","message":"SQL Server connection established.","timestamp":"2023-02-01 10:36:29"}
{"level":"info","message":"SQL Server connection established.","timestamp":"2023-02-01 10:48:40"}
{"level":"info","message":"SQL Server connection established.","timestamp":"2023-02-01 10:49:13"}
{"level":"info","message":"SQL Server connection established.","timestamp":"2023-02-01 10:51:48"}
{"level":"info","message":"SQL Server connection established.","timestamp":"2023-02-01 10:53:12"}
{"level":"info","message":"SQL Server connection established.","timestamp":"2023-02-01 10:56:42"}
{"level":"info","message":"SQL Server connection established.","timestamp":"2023-02-01 10:57:18"}
{"level":"info","message":"SQL Server connection established.","timestamp":"2023-02-01 10:58:33"}
{"level":"info","message":"SQL Server connection established.","timestamp":"2023-02-01 11:28:10"}
{"level":"info","message":"SQL Server connection established.","timestamp":"2023-02-01 11:28:29"}
{"level":"info","message":"SQL Server connection established.","timestamp":"2023-02-01 11:29:32"}
{"level":"info","message":"SQL Server connection established.","timestamp":"2023-02-01 11:29:46"}
{"level":"info","message":"SQL Server connection established.","timestamp":"2023-02-01 11:31:26"}
{"level":"info","message":"SQL Server connection established.","timestamp":"2023-02-01 11:32:09"}
{"level":"info","message":"SQL Server connection established.","timestamp":"2023-02-01 11:32:10"}
{"level":"info","message":"SQL Server connection established.","timestamp":"2023-02-01 11:32:21"}
{"level":"info","message":"SQL Server connection established.","timestamp":"2023-02-01 11:49:23"}
{"level":"info","message":"SQL Server connection established.","timestamp":"2023-02-01 11:51:08"}
{"level":"info","message":"SQL Server connection established.","timestamp":"2023-02-01 11:57:36"}
{"level":"info","message":"SQL Server connection established.","timestamp":"2023-02-01 11:59:23"}
{"level":"info","message":"SQL Server connection established.","timestamp":"2023-02-01 12:03:07"}
{"level":"info","message":"SQL Server connection established.","timestamp":"2023-02-01 12:03:43"}
{"level":"info","message":"SQL Server connection established.","timestamp":"2023-02-01 12:08:20"}
{"level":"info","message":"SQL Server connection established.","timestamp":"2023-02-01 12:10:29"}
{"level":"info","message":"SQL Server connection established.","timestamp":"2023-02-01 12:37:20"}
{"level":"info","message":"SQL Server connection established.","timestamp":"2023-02-01 12:37:32"}
{"level":"info","message":"SQL Server connection established.","timestamp":"2023-02-01 12:40:00"}
{"level":"info","message":"SQL Server connection established.","timestamp":"2023-02-01 12:45:02"}
{"level":"info","message":"SQL Server connection established.","timestamp":"2023-02-01 12:48:27"}
{"level":"info","message":"SQL Server connection established.","timestamp":"2023-02-01 12:51:25"}
{"level":"info","message":"SQL Server connection established.","timestamp":"2023-02-01 12:53:59"}
{"level":"info","message":"SQL Server connection established.","timestamp":"2023-02-01 12:57:44"}
{"level":"info","message":"SQL Server connection established.","timestamp":"2023-02-01 13:05:07"}
{"level":"info","message":"SQL Server connection established.","timestamp":"2023-02-01 13:08:49"}
{"level":"info","message":"SQL Server connection established.","timestamp":"2023-02-01 13:12:49"}
{"level":"info","message":"SQL Server connection established.","timestamp":"2023-02-01 13:20:44"}
{"level":"info","message":"SQL Server connection established.","timestamp":"2023-02-01 13:25:48"}
{"level":"info","message":"SQL Server connection established.","timestamp":"2023-02-01 13:27:56"}
{"level":"info","message":"SQL Server connection established.","timestamp":"2023-02-01 13:33:58"}
{"level":"info","message":"SQL Server connection established.","timestamp":"2023-02-01 13:35:24"}
{"level":"info","message":"SQL Server connection established.","timestamp":"2023-02-01 13:36:49"}
{"level":"info","message":"SQL Server connection established.","timestamp":"2023-02-01 13:38:01"}
{"level":"info","message":"SQL Server connection established.","timestamp":"2023-02-01 13:38:27"}
{"level":"info","message":"SQL Server connection established.","timestamp":"2023-02-01 13:40:28"}
{"level":"info","message":"SQL Server connection established.","timestamp":"2023-02-01 13:42:08"}
{"level":"info","message":"SQL Server connection established.","timestamp":"2023-02-01 13:46:15"}
{"level":"info","message":"SQL Server connection established.","timestamp":"2023-02-01 13:57:22"}
{"level":"info","message":"SQL Server connection established.","timestamp":"2023-02-01 14:07:01"}
{"level":"info","message":"SQL Server connection established.","timestamp":"2023-02-01 14:07:52"}
{"level":"info","message":"SQL Server connection established.","timestamp":"2023-02-01 14:12:08"}
{"level":"info","message":"SQL Server connection established.","timestamp":"2023-02-01 14:12:55"}
{"level":"info","message":"SQL Server connection established.","timestamp":"2023-02-01 14:19:46"}
{"level":"info","message":"SQL Server connection established.","timestamp":"2023-02-01 14:24:20"}
{"level":"info","message":"SQL Server connection established.","timestamp":"2023-02-01 14:38:27"}
{"level":"info","message":"SQL Server connection established.","timestamp":"2023-02-01 14:40:08"}
{"level":"info","message":"SQL Server connection established.","timestamp":"2023-02-01 14:40:47"}
{"level":"info","message":"SQL Server connection established.","timestamp":"2023-02-01 14:44:32"}
{"level":"info","message":"SQL Server connection established.","timestamp":"2023-02-01 14:46:03"}
{"level":"info","message":"SQL Server connection established.","timestamp":"2023-02-01 14:53:33"}
{"level":"info","message":"SQL Server connection established.","timestamp":"2023-02-01 14:57:21"}
{"level":"info","message":"SQL Server connection established.","timestamp":"2023-02-01 15:00:42"}
{"level":"info","message":"SQL Server connection established.","timestamp":"2023-02-01 15:03:52"}
{"level":"info","message":"Database Access Error: db.resolveSQL is not a function","timestamp":"2023-02-01 15:04:34"}
{"level":"info","message":"SQL Server connection established.","timestamp":"2023-02-01 15:05:58"}
{"level":"info","message":"Database Access Error: db.resolveSQL is not a function","timestamp":"2023-02-01 15:09:37"}
{"level":"info","message":"SQL Server connection established.","timestamp":"2023-02-01 15:11:39"}
{"level":"info","message":"Database Access Error: db.resolveSQL is not a function","timestamp":"2023-02-01 15:11:48"}
{"level":"info","message":"SQL Server connection established.","timestamp":"2023-02-01 15:20:44"}
{"level":"info","message":"Database Access Error: db.resolveSQL is not a function","timestamp":"2023-02-01 15:24:02"}
{"level":"info","message":"SQL Server connection established.","timestamp":"2023-02-01 15:24:16"}
{"level":"info","message":"Database Access Error: db.resolveSQL is not a function","timestamp":"2023-02-01 15:24:22"}
{"level":"info","message":"SQL Server connection established.","timestamp":"2023-02-01 15:24:39"}
{"level":"info","message":"Database Access Error: db.resolveSQL is not a function","timestamp":"2023-02-01 15:30:06"}
{"level":"info","message":"SQL Server connection established.","timestamp":"2023-02-01 15:30:54"}
{"level":"info","message":"SQL Server connection established.","timestamp":"2023-02-01 15:32:43"}
{"level":"info","message":"SQL Server connection established.","timestamp":"2023-02-01 15:42:41"}
{"level":"info","message":"SQL Server connection established.","timestamp":"2023-02-01 15:43:29"}
{"level":"info","message":"SQL Server connection established.","timestamp":"2023-02-01 15:47:10"}
{"level":"info","message":"SQL Server connection established.","timestamp":"2023-02-01 15:48:17"}
{"level":"info","message":"SQL Server connection established.","timestamp":"2023-02-01 15:50:35"}
{"level":"info","message":"SQL Server connection established.","timestamp":"2023-02-01 15:51:39"}
{"level":"info","message":"SQL Server connection established.","timestamp":"2023-02-01 15:52:41"}
{"level":"info","message":"SQL Server connection established.","timestamp":"2023-02-01 15:55:03"}
{"level":"info","message":"SQL Server connection established.","timestamp":"2023-02-01 15:55:44"}
{"level":"info","message":"SQL Server connection established.","timestamp":"2023-02-01 15:55:57"}
{"level":"info","message":"SQL Server connection established.","timestamp":"2023-02-01 15:56:02"}
{"level":"info","message":"SQL Server connection established.","timestamp":"2023-02-01 15:59:08"}
{"level":"info","message":"SQL Server connection established.","timestamp":"2023-02-01 15:59:58"}
{"level":"info","message":"SQL Server connection established.","timestamp":"2023-02-01 16:07:13"}
{"level":"info","message":"SQL Server connection established.","timestamp":"2023-02-01 16:07:16"}
{"level":"info","message":"SQL Server connection established.","timestamp":"2023-02-01 16:07:22"}
{"level":"info","message":"SQL Server connection established.","timestamp":"2023-02-01 16:07:36"}
{"level":"info","message":"SQL Server connection established.","timestamp":"2023-02-01 16:07:40"}
{"level":"info","message":"SQL Server connection established.","timestamp":"2023-02-01 16:07:50"}
{"level":"info","message":"Error connecting to SQL Server:","timestamp":"2023-02-01 16:08:18"}
{"level":"info","message":"ConnectionError: Failed to connect to V1-WIN2K19SE2:1433 - getaddrinfo ENOTFOUND V1-WIN2K19SE2","timestamp":"2023-02-01 16:08:18"}
{"level":"info","message":"Error connecting to SQL Server:","timestamp":"2023-02-01 16:08:28"}
{"level":"info","message":"ConnectionError: Login failed for user 'v1user'.","timestamp":"2023-02-01 16:08:28"}
{"level":"info","message":"SQL Server connection established.","timestamp":"2023-02-01 16:08:35"}
{"level":"info","message":"SQL Server connection established.","timestamp":"2023-02-01 16:08:38"}
{"level":"info","message":"SQL Server connection established.","timestamp":"2023-02-01 16:12:06"}
{"level":"info","message":"SQL Server connection established.","timestamp":"2023-02-01 16:13:51"}
{"level":"info","message":"SQL Server connection established.","timestamp":"2023-02-01 16:13:53"}
{"level":"info","message":"SQL Server connection established.","timestamp":"2023-02-01 16:13:55"}
{"level":"info","message":"SQL Server connection established.","timestamp":"2023-02-01 16:14:00"}
{"level":"info","message":"SQL Server connection established.","timestamp":"2023-02-01 16:22:50"}
{"level":"info","message":"SQL Server connection established.","timestamp":"2023-02-01 16:22:53"}
{"level":"info","message":"SQL Server connection established.","timestamp":"2023-02-01 16:24:10"}
{"level":"info","message":"SQL Server connection established.","timestamp":"2023-02-01 16:24:12"}
{"level":"info","message":"SQL Server connection established.","timestamp":"2023-02-01 16:26:01"}
{"level":"info","message":"SQL Server connection established.","timestamp":"2023-02-01 16:26:02"}
{"level":"info","message":"SQL Server connection established.","timestamp":"2023-02-01 16:27:43"}
{"level":"info","message":"SQL Server connection established.","timestamp":"2023-02-01 16:27:45"}
{"level":"info","message":"SQL Server connection established.","timestamp":"2023-02-01 16:29:48"}
{"level":"info","message":"SQL Server connection established.","timestamp":"2023-02-01 16:29:50"}
{"level":"info","message":"SQL Server connection established.","timestamp":"2023-02-01 16:29:52"}
{"level":"info","message":"SQL Server connection established.","timestamp":"2023-02-01 16:31:09"}
{"level":"info","message":"SQL Server connection established.","timestamp":"2023-02-01 16:31:13"}
{"level":"info","message":"SQL Server connection established.","timestamp":"2023-02-01 16:31:14"}
{"level":"info","message":"SQL Server connection established.","timestamp":"2023-02-01 16:32:50"}
{"level":"info","message":"SQL Server connection established.","timestamp":"2023-02-01 16:32:52"}
{"level":"info","message":"SQL Server connection established.","timestamp":"2023-02-01 16:36:24"}
{"level":"info","message":"SQL Server connection established.","timestamp":"2023-02-01 16:36:25"}
{"level":"info","message":"SQL Server connection established.","timestamp":"2023-02-01 16:36:27"}
{"level":"info","message":"SQL Server connection established.","timestamp":"2023-02-01 16:36:28"}
{"level":"info","message":"SQL Server connection established.","timestamp":"2023-02-01 16:44:08"}
{"level":"info","message":"SQL Server connection established.","timestamp":"2023-02-01 16:44:09"}
{"level":"info","message":"SQL Server connection established.","timestamp":"2023-02-01 16:45:07"}
{"level":"info","message":"SQL Server connection established.","timestamp":"2023-02-01 16:45:08"}
{"level":"info","message":"SQL Server connection established.","timestamp":"2023-02-01 16:46:29"}
{"level":"info","message":"SQL Server connection established.","timestamp":"2023-02-01 16:46:31"}
{"level":"info","message":"Driver to use: sqlserver","timestamp":"2023-02-01 16:51:05"}
{"level":"info","message":"SQL Server connection established.","timestamp":"2023-02-01 16:51:05"}
{"level":"info","message":"Driver to use: sqlserver","timestamp":"2023-02-01 16:51:05"}
{"level":"info","message":"Database Access Error: jdbcBits is not defined","timestamp":"2023-02-01 16:51:06"}
{"level":"info","message":"Driver to use: sqlserver","timestamp":"2023-02-01 16:51:39"}
{"level":"info","message":"SQL Server connection established.","timestamp":"2023-02-01 16:51:39"}
{"level":"info","message":"Driver to use: sqlserver","timestamp":"2023-02-01 16:51:41"}
{"level":"info","message":"SQL Server connection established.","timestamp":"2023-02-01 16:51:41"}
{"level":"info","message":"Driver to use: sqlserver","timestamp":"2023-02-01 16:51:41"}
{"level":"info","message":"Driver to use: sqlserver","timestamp":"2023-02-01 16:51:43"}
{"level":"info","message":"SQL Server connection established.","timestamp":"2023-02-01 16:51:43"}
{"level":"info","message":"Driver to use: sqlserver","timestamp":"2023-02-01 17:06:29"}
{"level":"info","message":"SQL Server connection established.","timestamp":"2023-02-01 17:06:29"}
{"level":"info","message":"Driver to use: sqlserver","timestamp":"2023-02-01 17:06:29"}
{"level":"info","message":"Driver to use: sqlserver","timestamp":"2023-02-01 17:06:31"}
{"level":"info","message":"SQL Server connection established.","timestamp":"2023-02-01 17:06:31"}
